<?xml version="1.0" encoding="UTF-8"?>
<!-- Generated by org.testng.reporters.JUnitReportReporter -->
<testsuite hostname="SEZ-DESK-159" failures="0" tests="1" name="functionalities.InventoryFunctionality" time="23.084" errors="0" timestamp="08 Apr 2022 12:13:30 GMT" skipped="0">
  <testcase classname="functionalities.InventoryFunctionality" name="productsMenu" time="23.084"/>
</testsuite> <!-- functionalities.InventoryFunctionality -->
