<?xml version="1.0" encoding="UTF-8"?>
<!-- Generated by org.testng.reporters.JUnitReportReporter -->
<testsuite hostname="SEZ-DESK-159" failures="0" tests="1" name="functionalities.LoginFunctionality" time="17.910" errors="0" timestamp="08 Apr 2022 11:24:21 GMT" skipped="0">
  <testcase classname="functionalities.LoginFunctionality" name="login" time="17.910"/>
</testsuite> <!-- functionalities.LoginFunctionality -->
