<?xml version="1.0" encoding="UTF-8"?>
<!-- Generated by org.testng.reporters.JUnitReportReporter -->
<testsuite hostname="SEZ-DESK-159" failures="0" tests="1" name="functionalities.HomePageFunctionality" time="19.072" errors="0" timestamp="08 Apr 2022 11:58:08 GMT" skipped="0">
  <testcase classname="functionalities.HomePageFunctionality" name="HomePage" time="19.072"/>
</testsuite> <!-- functionalities.HomePageFunctionality -->
